Analysis & Synthesis report for instructMEM
Sat Nov 07 08:37:47 2015
Quartus II Version 9.0 Build 235 06/17/2009 Service Pack 2 SJ Web Edition


---------------------
; Table of Contents ;
---------------------
  1. Legal Notice
  2. Analysis & Synthesis Summary
  3. Analysis & Synthesis Settings
  4. Analysis & Synthesis Source Files Read
  5. Analysis & Synthesis Resource Usage Summary
  6. Analysis & Synthesis Resource Utilization by Entity
  7. General Register Statistics
  8. Analysis & Synthesis Messages



----------------
; Legal Notice ;
----------------
Copyright (C) 1991-2009 Altera Corporation
Your use of Altera Corporation's design tools, logic functions 
and other software and tools, and its AMPP partner logic 
functions, and any output files from any of the foregoing 
(including device programming or simulation files), and any 
associated documentation or information are expressly subject 
to the terms and conditions of the Altera Program License 
Subscription Agreement, Altera MegaCore Function License 
Agreement, or other applicable license agreement, including, 
without limitation, that your use is for the sole purpose of 
programming logic devices manufactured by Altera and sold by 
Altera or its authorized distributors.  Please refer to the 
applicable agreement for further details.



+----------------------------------------------------------------------------+
; Analysis & Synthesis Summary                                               ;
+-----------------------------+----------------------------------------------+
; Analysis & Synthesis Status ; Successful - Sat Nov 07 08:37:47 2015        ;
; Quartus II Version          ; 9.0 Build 235 06/17/2009 SP 2 SJ Web Edition ;
; Revision Name               ; instructMEM                                  ;
; Top-level Entity Name       ; instrucMEM                                   ;
; Family                      ; Cyclone                                      ;
; Total logic elements        ; 33                                           ;
; Total pins                  ; 66                                           ;
; Total virtual pins          ; 0                                            ;
; Total memory bits           ; 0                                            ;
; Total PLLs                  ; 0                                            ;
+-----------------------------+----------------------------------------------+


+--------------------------------------------------------------------------------------------------------+
; Analysis & Synthesis Settings                                                                          ;
+--------------------------------------------------------------+--------------------+--------------------+
; Option                                                       ; Setting            ; Default Value      ;
+--------------------------------------------------------------+--------------------+--------------------+
; Top-level entity name                                        ; instrucMEM         ; instructMEM        ;
; Family name                                                  ; Cyclone            ; Stratix II         ;
; Use Generated Physical Constraints File                      ; Off                ;                    ;
; Use smart compilation                                        ; Off                ; Off                ;
; Restructure Multiplexers                                     ; Auto               ; Auto               ;
; Create Debugging Nodes for IP Cores                          ; Off                ; Off                ;
; Preserve fewer node names                                    ; On                 ; On                 ;
; Disable OpenCore Plus hardware evaluation                    ; Off                ; Off                ;
; Verilog Version                                              ; Verilog_2001       ; Verilog_2001       ;
; VHDL Version                                                 ; VHDL93             ; VHDL93             ;
; State Machine Processing                                     ; Auto               ; Auto               ;
; Safe State Machine                                           ; Off                ; Off                ;
; Extract Verilog State Machines                               ; On                 ; On                 ;
; Extract VHDL State Machines                                  ; On                 ; On                 ;
; Ignore Verilog initial constructs                            ; Off                ; Off                ;
; Iteration limit for constant Verilog loops                   ; 5000               ; 5000               ;
; Iteration limit for non-constant Verilog loops               ; 250                ; 250                ;
; Add Pass-Through Logic to Inferred RAMs                      ; On                 ; On                 ;
; Parallel Synthesis                                           ; Off                ; Off                ;
; NOT Gate Push-Back                                           ; On                 ; On                 ;
; Power-Up Don't Care                                          ; On                 ; On                 ;
; Remove Redundant Logic Cells                                 ; Off                ; Off                ;
; Remove Duplicate Registers                                   ; On                 ; On                 ;
; Ignore CARRY Buffers                                         ; Off                ; Off                ;
; Ignore CASCADE Buffers                                       ; Off                ; Off                ;
; Ignore GLOBAL Buffers                                        ; Off                ; Off                ;
; Ignore ROW GLOBAL Buffers                                    ; Off                ; Off                ;
; Ignore LCELL Buffers                                         ; Off                ; Off                ;
; Ignore SOFT Buffers                                          ; On                 ; On                 ;
; Limit AHDL Integers to 32 Bits                               ; Off                ; Off                ;
; Optimization Technique                                       ; Balanced           ; Balanced           ;
; Carry Chain Length                                           ; 70                 ; 70                 ;
; Auto Carry Chains                                            ; On                 ; On                 ;
; Auto Open-Drain Pins                                         ; On                 ; On                 ;
; Perform WYSIWYG Primitive Resynthesis                        ; Off                ; Off                ;
; Auto ROM Replacement                                         ; On                 ; On                 ;
; Auto RAM Replacement                                         ; On                 ; On                 ;
; Auto Shift Register Replacement                              ; Auto               ; Auto               ;
; Auto Clock Enable Replacement                                ; On                 ; On                 ;
; Strict RAM Replacement                                       ; Off                ; Off                ;
; Allow Synchronous Control Signals                            ; On                 ; On                 ;
; Force Use of Synchronous Clear Signals                       ; Off                ; Off                ;
; Auto RAM Block Balancing                                     ; On                 ; On                 ;
; Auto RAM to Logic Cell Conversion                            ; Off                ; Off                ;
; Auto Resource Sharing                                        ; Off                ; Off                ;
; Allow Any RAM Size For Recognition                           ; Off                ; Off                ;
; Allow Any ROM Size For Recognition                           ; Off                ; Off                ;
; Allow Any Shift Register Size For Recognition                ; Off                ; Off                ;
; Use LogicLock Constraints during Resource Balancing          ; On                 ; On                 ;
; Ignore translate_off and synthesis_off directives            ; Off                ; Off                ;
; Show Parameter Settings Tables in Synthesis Report           ; On                 ; On                 ;
; Ignore Maximum Fan-Out Assignments                           ; Off                ; Off                ;
; Synchronization Register Chain Length                        ; 2                  ; 2                  ;
; PowerPlay Power Optimization                                 ; Normal compilation ; Normal compilation ;
; HDL message level                                            ; Level2             ; Level2             ;
; Suppress Register Optimization Related Messages              ; Off                ; Off                ;
; Number of Removed Registers Reported in Synthesis Report     ; 100                ; 100                ;
; Number of Inverted Registers Reported in Synthesis Report    ; 100                ; 100                ;
; Clock MUX Protection                                         ; On                 ; On                 ;
; Block Design Naming                                          ; Auto               ; Auto               ;
; Synthesis Effort                                             ; Auto               ; Auto               ;
; Shift Register Replacement - Allow Asynchronous Clear Signal ; On                 ; On                 ;
; Analysis & Synthesis Message Level                           ; Medium             ; Medium             ;
+--------------------------------------------------------------+--------------------+--------------------+


+------------------------------------------------------------------------------------------------------------------------------+
; Analysis & Synthesis Source Files Read                                                                                       ;
+----------------------------------+-----------------+-----------------+-------------------------------------------------------+
; File Name with User-Entered Path ; Used in Netlist ; File Type       ; File Name with Absolute Path                          ;
+----------------------------------+-----------------+-----------------+-------------------------------------------------------+
; instrucMEM.vhd                   ; yes             ; User VHDL File  ; C:/Users/A450LC/Downloads/aing/Tugas 1/instrucMEM.vhd ;
+----------------------------------+-----------------+-----------------+-------------------------------------------------------+


+-------------------------------------------------------+
; Analysis & Synthesis Resource Usage Summary           ;
+---------------------------------------------+---------+
; Resource                                    ; Usage   ;
+---------------------------------------------+---------+
; Total logic elements                        ; 33      ;
;     -- Combinational with no register       ; 33      ;
;     -- Register only                        ; 0       ;
;     -- Combinational with a register        ; 0       ;
;                                             ;         ;
; Logic element usage by number of LUT inputs ;         ;
;     -- 4 input functions                    ; 16      ;
;     -- 3 input functions                    ; 16      ;
;     -- 2 input functions                    ; 1       ;
;     -- 1 input functions                    ; 0       ;
;     -- 0 input functions                    ; 0       ;
;                                             ;         ;
; Logic elements by mode                      ;         ;
;     -- normal mode                          ; 33      ;
;     -- arithmetic mode                      ; 0       ;
;     -- qfbk mode                            ; 0       ;
;     -- register cascade mode                ; 0       ;
;     -- synchronous clear/load mode          ; 0       ;
;     -- asynchronous clear/load mode         ; 0       ;
;                                             ;         ;
; Total registers                             ; 0       ;
; I/O pins                                    ; 66      ;
; Maximum fan-out node                        ; ADDR[0] ;
; Maximum fan-out                             ; 17      ;
; Total fan-out                               ; 141     ;
; Average fan-out                             ; 1.42    ;
+---------------------------------------------+---------+


+-----------------------------------------------------------------------------------------------------------------------------------------------------------------------------------------------------------------------+
; Analysis & Synthesis Resource Utilization by Entity                                                                                                                                                                   ;
+----------------------------+-------------+--------------+-------------+------+--------------+--------------+-------------------+------------------+-----------------+------------+---------------------+--------------+
; Compilation Hierarchy Node ; Logic Cells ; LC Registers ; Memory Bits ; Pins ; Virtual Pins ; LUT-Only LCs ; Register-Only LCs ; LUT/Register LCs ; Carry Chain LCs ; Packed LCs ; Full Hierarchy Name ; Library Name ;
+----------------------------+-------------+--------------+-------------+------+--------------+--------------+-------------------+------------------+-----------------+------------+---------------------+--------------+
; |instrucMEM                ; 33 (33)     ; 0            ; 0           ; 66   ; 0            ; 33 (33)      ; 0 (0)             ; 0 (0)            ; 0 (0)           ; 0 (0)      ; |instrucMEM         ; work         ;
+----------------------------+-------------+--------------+-------------+------+--------------+--------------+-------------------+------------------+-----------------+------------+---------------------+--------------+
Note: For table entries with two numbers listed, the numbers in parentheses indicate the number of resources of the given type used by the specific entity alone. The numbers listed outside of parentheses indicate the total resources of the given type used by the specific entity and all of its sub-entities in the hierarchy.


+------------------------------------------------------+
; General Register Statistics                          ;
+----------------------------------------------+-------+
; Statistic                                    ; Value ;
+----------------------------------------------+-------+
; Total registers                              ; 0     ;
; Number of registers using Synchronous Clear  ; 0     ;
; Number of registers using Synchronous Load   ; 0     ;
; Number of registers using Asynchronous Clear ; 0     ;
; Number of registers using Asynchronous Load  ; 0     ;
; Number of registers using Clock Enable       ; 0     ;
; Number of registers using Preset             ; 0     ;
+----------------------------------------------+-------+


+-------------------------------+
; Analysis & Synthesis Messages ;
+-------------------------------+
Info: *******************************************************************
Info: Running Quartus II Analysis & Synthesis
    Info: Version 9.0 Build 235 06/17/2009 Service Pack 2 SJ Web Edition
    Info: Processing started: Sat Nov 07 08:37:45 2015
Info: Command: quartus_map --read_settings_files=on --write_settings_files=off instructMEM -c instructMEM
Info: Found 2 design units, including 1 entities, in source file instrucMEM.vhd
    Info: Found design unit 1: instrucMEM-behavior
    Info: Found entity 1: instrucMEM
Info: Elaborating entity "instrucMEM" for the top level hierarchy
Warning (10873): Using initial value X (don't care) for net "mem[31][31]" at instrucMEM.vhd(30)
Warning (10873): Using initial value X (don't care) for net "mem[31][30]" at instrucMEM.vhd(30)
Warning (10873): Using initial value X (don't care) for net "mem[31][29]" at instrucMEM.vhd(30)
Warning (10873): Using initial value X (don't care) for net "mem[31][28]" at instrucMEM.vhd(30)
Warning (10873): Using initial value X (don't care) for net "mem[31][27]" at instrucMEM.vhd(30)
Warning (10873): Using initial value X (don't care) for net "mem[31][26]" at instrucMEM.vhd(30)
Warning (10873): Using initial value X (don't care) for net "mem[31][25]" at instrucMEM.vhd(30)
Warning (10873): Using initial value X (don't care) for net "mem[31][24]" at instrucMEM.vhd(30)
Warning (10873): Using initial value X (don't care) for net "mem[31][23]" at instrucMEM.vhd(30)
Warning (10873): Using initial value X (don't care) for net "mem[31][22]" at instrucMEM.vhd(30)
Warning (10873): Using initial value X (don't care) for net "mem[31][21]" at instrucMEM.vhd(30)
Warning (10873): Using initial value X (don't care) for net "mem[31][20]" at instrucMEM.vhd(30)
Warning (10873): Using initial value X (don't care) for net "mem[31][19]" at instrucMEM.vhd(30)
Warning (10873): Using initial value X (don't care) for net "mem[31][18]" at instrucMEM.vhd(30)
Warning (10873): Using initial value X (don't care) for net "mem[31][17]" at instrucMEM.vhd(30)
Warning (10873): Using initial value X (don't care) for net "mem[31][16]" at instrucMEM.vhd(30)
Warning (10873): Using initial value X (don't care) for net "mem[31][15]" at instrucMEM.vhd(30)
Warning (10873): Using initial value X (don't care) for net "mem[31][14]" at instrucMEM.vhd(30)
Warning (10873): Using initial value X (don't care) for net "mem[31][13]" at instrucMEM.vhd(30)
Warning (10873): Using initial value X (don't care) for net "mem[31][12]" at instrucMEM.vhd(30)
Warning (10873): Using initial value X (don't care) for net "mem[31][11]" at instrucMEM.vhd(30)
Warning (10873): Using initial value X (don't care) for net "mem[31][10]" at instrucMEM.vhd(30)
Warning (10873): Using initial value X (don't care) for net "mem[31][9]" at instrucMEM.vhd(30)
Warning (10873): Using initial value X (don't care) for net "mem[31][8]" at instrucMEM.vhd(30)
Warning (10873): Using initial value X (don't care) for net "mem[31][7]" at instrucMEM.vhd(30)
Warning (10873): Using initial value X (don't care) for net "mem[31][6]" at instrucMEM.vhd(30)
Warning (10873): Using initial value X (don't care) for net "mem[31][5]" at instrucMEM.vhd(30)
Warning (10873): Using initial value X (don't care) for net "mem[31][4]" at instrucMEM.vhd(30)
Warning (10873): Using initial value X (don't care) for net "mem[31][3]" at instrucMEM.vhd(30)
Warning (10873): Using initial value X (don't care) for net "mem[31][2]" at instrucMEM.vhd(30)
Warning (10873): Using initial value X (don't care) for net "mem[31][1]" at instrucMEM.vhd(30)
Warning (10873): Using initial value X (don't care) for net "mem[31][0]" at instrucMEM.vhd(30)
Warning (10873): Using initial value X (don't care) for net "mem[30][31]" at instrucMEM.vhd(30)
Warning (10873): Using initial value X (don't care) for net "mem[30][30]" at instrucMEM.vhd(30)
Warning (10873): Using initial value X (don't care) for net "mem[30][29]" at instrucMEM.vhd(30)
Warning (10873): Using initial value X (don't care) for net "mem[30][28]" at instrucMEM.vhd(30)
Warning (10873): Using initial value X (don't care) for net "mem[30][27]" at instrucMEM.vhd(30)
Warning (10873): Using initial value X (don't care) for net "mem[30][26]" at instrucMEM.vhd(30)
Warning (10873): Using initial value X (don't care) for net "mem[30][25]" at instrucMEM.vhd(30)
Warning (10873): Using initial value X (don't care) for net "mem[30][24]" at instrucMEM.vhd(30)
Warning (10873): Using initial value X (don't care) for net "mem[30][23]" at instrucMEM.vhd(30)
Warning (10873): Using initial value X (don't care) for net "mem[30][22]" at instrucMEM.vhd(30)
Warning (10873): Using initial value X (don't care) for net "mem[30][21]" at instrucMEM.vhd(30)
Warning (10873): Using initial value X (don't care) for net "mem[30][20]" at instrucMEM.vhd(30)
Warning (10873): Using initial value X (don't care) for net "mem[30][19]" at instrucMEM.vhd(30)
Warning (10873): Using initial value X (don't care) for net "mem[30][18]" at instrucMEM.vhd(30)
Warning (10873): Using initial value X (don't care) for net "mem[30][17]" at instrucMEM.vhd(30)
Warning (10873): Using initial value X (don't care) for net "mem[30][16]" at instrucMEM.vhd(30)
Warning (10873): Using initial value X (don't care) for net "mem[30][15]" at instrucMEM.vhd(30)
Warning (10873): Using initial value X (don't care) for net "mem[30][14]" at instrucMEM.vhd(30)
Warning (10873): Using initial value X (don't care) for net "mem[30][13]" at instrucMEM.vhd(30)
Warning (10873): Using initial value X (don't care) for net "mem[30][12]" at instrucMEM.vhd(30)
Warning (10873): Using initial value X (don't care) for net "mem[30][11]" at instrucMEM.vhd(30)
Warning (10873): Using initial value X (don't care) for net "mem[30][10]" at instrucMEM.vhd(30)
Warning (10873): Using initial value X (don't care) for net "mem[30][9]" at instrucMEM.vhd(30)
Warning (10873): Using initial value X (don't care) for net "mem[30][8]" at instrucMEM.vhd(30)
Warning (10873): Using initial value X (don't care) for net "mem[30][7]" at instrucMEM.vhd(30)
Warning (10873): Using initial value X (don't care) for net "mem[30][6]" at instrucMEM.vhd(30)
Warning (10873): Using initial value X (don't care) for net "mem[30][5]" at instrucMEM.vhd(30)
Warning (10873): Using initial value X (don't care) for net "mem[30][4]" at instrucMEM.vhd(30)
Warning (10873): Using initial value X (don't care) for net "mem[30][3]" at instrucMEM.vhd(30)
Warning (10873): Using initial value X (don't care) for net "mem[30][2]" at instrucMEM.vhd(30)
Warning (10873): Using initial value X (don't care) for net "mem[30][1]" at instrucMEM.vhd(30)
Warning (10873): Using initial value X (don't care) for net "mem[30][0]" at instrucMEM.vhd(30)
Warning (10873): Using initial value X (don't care) for net "mem[29][31]" at instrucMEM.vhd(30)
Warning (10873): Using initial value X (don't care) for net "mem[29][30]" at instrucMEM.vhd(30)
Warning (10873): Using initial value X (don't care) for net "mem[29][29]" at instrucMEM.vhd(30)
Warning (10873): Using initial value X (don't care) for net "mem[29][28]" at instrucMEM.vhd(30)
Warning (10873): Using initial value X (don't care) for net "mem[29][27]" at instrucMEM.vhd(30)
Warning (10873): Using initial value X (don't care) for net "mem[29][26]" at instrucMEM.vhd(30)
Warning (10873): Using initial value X (don't care) for net "mem[29][25]" at instrucMEM.vhd(30)
Warning (10873): Using initial value X (don't care) for net "mem[29][24]" at instrucMEM.vhd(30)
Warning (10873): Using initial value X (don't care) for net "mem[29][23]" at instrucMEM.vhd(30)
Warning (10873): Using initial value X (don't care) for net "mem[29][22]" at instrucMEM.vhd(30)
Warning (10873): Using initial value X (don't care) for net "mem[29][21]" at instrucMEM.vhd(30)
Warning (10873): Using initial value X (don't care) for net "mem[29][20]" at instrucMEM.vhd(30)
Warning (10873): Using initial value X (don't care) for net "mem[29][19]" at instrucMEM.vhd(30)
Warning (10873): Using initial value X (don't care) for net "mem[29][18]" at instrucMEM.vhd(30)
Warning (10873): Using initial value X (don't care) for net "mem[29][17]" at instrucMEM.vhd(30)
Warning (10873): Using initial value X (don't care) for net "mem[29][16]" at instrucMEM.vhd(30)
Warning (10873): Using initial value X (don't care) for net "mem[29][15]" at instrucMEM.vhd(30)
Warning (10873): Using initial value X (don't care) for net "mem[29][14]" at instrucMEM.vhd(30)
Warning (10873): Using initial value X (don't care) for net "mem[29][13]" at instrucMEM.vhd(30)
Warning (10873): Using initial value X (don't care) for net "mem[29][12]" at instrucMEM.vhd(30)
Warning (10873): Using initial value X (don't care) for net "mem[29][11]" at instrucMEM.vhd(30)
Warning (10873): Using initial value X (don't care) for net "mem[29][10]" at instrucMEM.vhd(30)
Warning (10873): Using initial value X (don't care) for net "mem[29][9]" at instrucMEM.vhd(30)
Warning (10873): Using initial value X (don't care) for net "mem[29][8]" at instrucMEM.vhd(30)
Warning (10873): Using initial value X (don't care) for net "mem[29][7]" at instrucMEM.vhd(30)
Warning (10873): Using initial value X (don't care) for net "mem[29][6]" at instrucMEM.vhd(30)
Warning (10873): Using initial value X (don't care) for net "mem[29][5]" at instrucMEM.vhd(30)
Warning (10873): Using initial value X (don't care) for net "mem[29][4]" at instrucMEM.vhd(30)
Warning (10873): Using initial value X (don't care) for net "mem[29][3]" at instrucMEM.vhd(30)
Warning (10873): Using initial value X (don't care) for net "mem[29][2]" at instrucMEM.vhd(30)
Warning (10873): Using initial value X (don't care) for net "mem[29][1]" at instrucMEM.vhd(30)
Warning (10873): Using initial value X (don't care) for net "mem[29][0]" at instrucMEM.vhd(30)
Warning (10873): Using initial value X (don't care) for net "mem[28][31]" at instrucMEM.vhd(30)
Warning (10873): Using initial value X (don't care) for net "mem[28][30]" at instrucMEM.vhd(30)
Warning (10873): Using initial value X (don't care) for net "mem[28][29]" at instrucMEM.vhd(30)
Warning (10873): Using initial value X (don't care) for net "mem[28][28]" at instrucMEM.vhd(30)
Warning (10873): Using initial value X (don't care) for net "mem[28][27]" at instrucMEM.vhd(30)
Warning (10873): Using initial value X (don't care) for net "mem[28][26]" at instrucMEM.vhd(30)
Warning (10873): Using initial value X (don't care) for net "mem[28][25]" at instrucMEM.vhd(30)
Warning (10873): Using initial value X (don't care) for net "mem[28][24]" at instrucMEM.vhd(30)
Warning (10873): Using initial value X (don't care) for net "mem[28][23]" at instrucMEM.vhd(30)
Warning (10873): Using initial value X (don't care) for net "mem[28][22]" at instrucMEM.vhd(30)
Warning (10873): Using initial value X (don't care) for net "mem[28][21]" at instrucMEM.vhd(30)
Warning (10873): Using initial value X (don't care) for net "mem[28][20]" at instrucMEM.vhd(30)
Warning (10873): Using initial value X (don't care) for net "mem[28][19]" at instrucMEM.vhd(30)
Warning (10873): Using initial value X (don't care) for net "mem[28][18]" at instrucMEM.vhd(30)
Warning (10873): Using initial value X (don't care) for net "mem[28][17]" at instrucMEM.vhd(30)
Warning (10873): Using initial value X (don't care) for net "mem[28][16]" at instrucMEM.vhd(30)
Warning (10873): Using initial value X (don't care) for net "mem[28][15]" at instrucMEM.vhd(30)
Warning (10873): Using initial value X (don't care) for net "mem[28][14]" at instrucMEM.vhd(30)
Warning (10873): Using initial value X (don't care) for net "mem[28][13]" at instrucMEM.vhd(30)
Warning (10873): Using initial value X (don't care) for net "mem[28][12]" at instrucMEM.vhd(30)
Warning (10873): Using initial value X (don't care) for net "mem[28][11]" at instrucMEM.vhd(30)
Warning (10873): Using initial value X (don't care) for net "mem[28][10]" at instrucMEM.vhd(30)
Warning (10873): Using initial value X (don't care) for net "mem[28][9]" at instrucMEM.vhd(30)
Warning (10873): Using initial value X (don't care) for net "mem[28][8]" at instrucMEM.vhd(30)
Warning (10873): Using initial value X (don't care) for net "mem[28][7]" at instrucMEM.vhd(30)
Warning (10873): Using initial value X (don't care) for net "mem[28][6]" at instrucMEM.vhd(30)
Warning (10873): Using initial value X (don't care) for net "mem[28][5]" at instrucMEM.vhd(30)
Warning (10873): Using initial value X (don't care) for net "mem[28][4]" at instrucMEM.vhd(30)
Warning (10873): Using initial value X (don't care) for net "mem[28][3]" at instrucMEM.vhd(30)
Warning (10873): Using initial value X (don't care) for net "mem[28][2]" at instrucMEM.vhd(30)
Warning (10873): Using initial value X (don't care) for net "mem[28][1]" at instrucMEM.vhd(30)
Warning (10873): Using initial value X (don't care) for net "mem[28][0]" at instrucMEM.vhd(30)
Warning (10873): Using initial value X (don't care) for net "mem[27][31]" at instrucMEM.vhd(30)
Warning (10873): Using initial value X (don't care) for net "mem[27][30]" at instrucMEM.vhd(30)
Warning (10873): Using initial value X (don't care) for net "mem[27][29]" at instrucMEM.vhd(30)
Warning (10873): Using initial value X (don't care) for net "mem[27][28]" at instrucMEM.vhd(30)
Warning (10873): Using initial value X (don't care) for net "mem[27][27]" at instrucMEM.vhd(30)
Warning (10873): Using initial value X (don't care) for net "mem[27][26]" at instrucMEM.vhd(30)
Warning (10873): Using initial value X (don't care) for net "mem[27][25]" at instrucMEM.vhd(30)
Warning (10873): Using initial value X (don't care) for net "mem[27][24]" at instrucMEM.vhd(30)
Warning (10873): Using initial value X (don't care) for net "mem[27][23]" at instrucMEM.vhd(30)
Warning (10873): Using initial value X (don't care) for net "mem[27][22]" at instrucMEM.vhd(30)
Warning (10873): Using initial value X (don't care) for net "mem[27][21]" at instrucMEM.vhd(30)
Warning (10873): Using initial value X (don't care) for net "mem[27][20]" at instrucMEM.vhd(30)
Warning (10873): Using initial value X (don't care) for net "mem[27][19]" at instrucMEM.vhd(30)
Warning (10873): Using initial value X (don't care) for net "mem[27][18]" at instrucMEM.vhd(30)
Warning (10873): Using initial value X (don't care) for net "mem[27][17]" at instrucMEM.vhd(30)
Warning (10873): Using initial value X (don't care) for net "mem[27][16]" at instrucMEM.vhd(30)
Warning (10873): Using initial value X (don't care) for net "mem[27][15]" at instrucMEM.vhd(30)
Warning (10873): Using initial value X (don't care) for net "mem[27][14]" at instrucMEM.vhd(30)
Warning (10873): Using initial value X (don't care) for net "mem[27][13]" at instrucMEM.vhd(30)
Warning (10873): Using initial value X (don't care) for net "mem[27][12]" at instrucMEM.vhd(30)
Warning (10873): Using initial value X (don't care) for net "mem[27][11]" at instrucMEM.vhd(30)
Warning (10873): Using initial value X (don't care) for net "mem[27][10]" at instrucMEM.vhd(30)
Warning (10873): Using initial value X (don't care) for net "mem[27][9]" at instrucMEM.vhd(30)
Warning (10873): Using initial value X (don't care) for net "mem[27][8]" at instrucMEM.vhd(30)
Warning (10873): Using initial value X (don't care) for net "mem[27][7]" at instrucMEM.vhd(30)
Warning (10873): Using initial value X (don't care) for net "mem[27][6]" at instrucMEM.vhd(30)
Warning (10873): Using initial value X (don't care) for net "mem[27][5]" at instrucMEM.vhd(30)
Warning (10873): Using initial value X (don't care) for net "mem[27][4]" at instrucMEM.vhd(30)
Warning (10873): Using initial value X (don't care) for net "mem[27][3]" at instrucMEM.vhd(30)
Warning (10873): Using initial value X (don't care) for net "mem[27][2]" at instrucMEM.vhd(30)
Warning (10873): Using initial value X (don't care) for net "mem[27][1]" at instrucMEM.vhd(30)
Warning (10873): Using initial value X (don't care) for net "mem[27][0]" at instrucMEM.vhd(30)
Warning (10873): Using initial value X (don't care) for net "mem[26][31]" at instrucMEM.vhd(30)
Warning (10873): Using initial value X (don't care) for net "mem[26][30]" at instrucMEM.vhd(30)
Warning (10873): Using initial value X (don't care) for net "mem[26][29]" at instrucMEM.vhd(30)
Warning (10873): Using initial value X (don't care) for net "mem[26][28]" at instrucMEM.vhd(30)
Warning (10873): Using initial value X (don't care) for net "mem[26][27]" at instrucMEM.vhd(30)
Warning (10873): Using initial value X (don't care) for net "mem[26][26]" at instrucMEM.vhd(30)
Warning (10873): Using initial value X (don't care) for net "mem[26][25]" at instrucMEM.vhd(30)
Warning (10873): Using initial value X (don't care) for net "mem[26][24]" at instrucMEM.vhd(30)
Warning (10873): Using initial value X (don't care) for net "mem[26][23]" at instrucMEM.vhd(30)
Warning (10873): Using initial value X (don't care) for net "mem[26][22]" at instrucMEM.vhd(30)
Warning (10873): Using initial value X (don't care) for net "mem[26][21]" at instrucMEM.vhd(30)
Warning (10873): Using initial value X (don't care) for net "mem[26][20]" at instrucMEM.vhd(30)
Warning (10873): Using initial value X (don't care) for net "mem[26][19]" at instrucMEM.vhd(30)
Warning (10873): Using initial value X (don't care) for net "mem[26][18]" at instrucMEM.vhd(30)
Warning (10873): Using initial value X (don't care) for net "mem[26][17]" at instrucMEM.vhd(30)
Warning (10873): Using initial value X (don't care) for net "mem[26][16]" at instrucMEM.vhd(30)
Warning (10873): Using initial value X (don't care) for net "mem[26][15]" at instrucMEM.vhd(30)
Warning (10873): Using initial value X (don't care) for net "mem[26][14]" at instrucMEM.vhd(30)
Warning (10873): Using initial value X (don't care) for net "mem[26][13]" at instrucMEM.vhd(30)
Warning (10873): Using initial value X (don't care) for net "mem[26][12]" at instrucMEM.vhd(30)
Warning (10873): Using initial value X (don't care) for net "mem[26][11]" at instrucMEM.vhd(30)
Warning (10873): Using initial value X (don't care) for net "mem[26][10]" at instrucMEM.vhd(30)
Warning (10873): Using initial value X (don't care) for net "mem[26][9]" at instrucMEM.vhd(30)
Warning (10873): Using initial value X (don't care) for net "mem[26][8]" at instrucMEM.vhd(30)
Warning (10873): Using initial value X (don't care) for net "mem[26][7]" at instrucMEM.vhd(30)
Warning (10873): Using initial value X (don't care) for net "mem[26][6]" at instrucMEM.vhd(30)
Warning (10873): Using initial value X (don't care) for net "mem[26][5]" at instrucMEM.vhd(30)
Warning (10873): Using initial value X (don't care) for net "mem[26][4]" at instrucMEM.vhd(30)
Warning (10873): Using initial value X (don't care) for net "mem[26][3]" at instrucMEM.vhd(30)
Warning (10873): Using initial value X (don't care) for net "mem[26][2]" at instrucMEM.vhd(30)
Warning (10873): Using initial value X (don't care) for net "mem[26][1]" at instrucMEM.vhd(30)
Warning (10873): Using initial value X (don't care) for net "mem[26][0]" at instrucMEM.vhd(30)
Warning (10873): Using initial value X (don't care) for net "mem[25][31]" at instrucMEM.vhd(30)
Warning (10873): Using initial value X (don't care) for net "mem[25][30]" at instrucMEM.vhd(30)
Warning (10873): Using initial value X (don't care) for net "mem[25][29]" at instrucMEM.vhd(30)
Warning (10873): Using initial value X (don't care) for net "mem[25][28]" at instrucMEM.vhd(30)
Warning (10873): Using initial value X (don't care) for net "mem[25][27]" at instrucMEM.vhd(30)
Warning (10873): Using initial value X (don't care) for net "mem[25][26]" at instrucMEM.vhd(30)
Warning (10873): Using initial value X (don't care) for net "mem[25][25]" at instrucMEM.vhd(30)
Warning (10873): Using initial value X (don't care) for net "mem[25][24]" at instrucMEM.vhd(30)
Warning (10873): Using initial value X (don't care) for net "mem[25][23]" at instrucMEM.vhd(30)
Warning (10873): Using initial value X (don't care) for net "mem[25][22]" at instrucMEM.vhd(30)
Warning (10873): Using initial value X (don't care) for net "mem[25][21]" at instrucMEM.vhd(30)
Warning (10873): Using initial value X (don't care) for net "mem[25][20]" at instrucMEM.vhd(30)
Warning (10873): Using initial value X (don't care) for net "mem[25][19]" at instrucMEM.vhd(30)
Warning (10873): Using initial value X (don't care) for net "mem[25][18]" at instrucMEM.vhd(30)
Warning (10873): Using initial value X (don't care) for net "mem[25][17]" at instrucMEM.vhd(30)
Warning (10873): Using initial value X (don't care) for net "mem[25][16]" at instrucMEM.vhd(30)
Warning (10873): Using initial value X (don't care) for net "mem[25][15]" at instrucMEM.vhd(30)
Warning (10873): Using initial value X (don't care) for net "mem[25][14]" at instrucMEM.vhd(30)
Warning (10873): Using initial value X (don't care) for net "mem[25][13]" at instrucMEM.vhd(30)
Warning (10873): Using initial value X (don't care) for net "mem[25][12]" at instrucMEM.vhd(30)
Warning (10873): Using initial value X (don't care) for net "mem[25][11]" at instrucMEM.vhd(30)
Warning (10873): Using initial value X (don't care) for net "mem[25][10]" at instrucMEM.vhd(30)
Warning (10873): Using initial value X (don't care) for net "mem[25][9]" at instrucMEM.vhd(30)
Warning (10873): Using initial value X (don't care) for net "mem[25][8]" at instrucMEM.vhd(30)
Warning (10873): Using initial value X (don't care) for net "mem[25][7]" at instrucMEM.vhd(30)
Warning (10873): Using initial value X (don't care) for net "mem[25][6]" at instrucMEM.vhd(30)
Warning (10873): Using initial value X (don't care) for net "mem[25][5]" at instrucMEM.vhd(30)
Warning (10873): Using initial value X (don't care) for net "mem[25][4]" at instrucMEM.vhd(30)
Warning (10873): Using initial value X (don't care) for net "mem[25][3]" at instrucMEM.vhd(30)
Warning (10873): Using initial value X (don't care) for net "mem[25][2]" at instrucMEM.vhd(30)
Warning (10873): Using initial value X (don't care) for net "mem[25][1]" at instrucMEM.vhd(30)
Warning (10873): Using initial value X (don't care) for net "mem[25][0]" at instrucMEM.vhd(30)
Warning (10873): Using initial value X (don't care) for net "mem[24][31]" at instrucMEM.vhd(30)
Warning (10873): Using initial value X (don't care) for net "mem[24][30]" at instrucMEM.vhd(30)
Warning (10873): Using initial value X (don't care) for net "mem[24][29]" at instrucMEM.vhd(30)
Warning (10873): Using initial value X (don't care) for net "mem[24][28]" at instrucMEM.vhd(30)
Warning (10873): Using initial value X (don't care) for net "mem[24][27]" at instrucMEM.vhd(30)
Warning (10873): Using initial value X (don't care) for net "mem[24][26]" at instrucMEM.vhd(30)
Warning (10873): Using initial value X (don't care) for net "mem[24][25]" at instrucMEM.vhd(30)
Warning (10873): Using initial value X (don't care) for net "mem[24][24]" at instrucMEM.vhd(30)
Warning (10873): Using initial value X (don't care) for net "mem[24][23]" at instrucMEM.vhd(30)
Warning (10873): Using initial value X (don't care) for net "mem[24][22]" at instrucMEM.vhd(30)
Warning (10873): Using initial value X (don't care) for net "mem[24][21]" at instrucMEM.vhd(30)
Warning (10873): Using initial value X (don't care) for net "mem[24][20]" at instrucMEM.vhd(30)
Warning (10873): Using initial value X (don't care) for net "mem[24][19]" at instrucMEM.vhd(30)
Warning (10873): Using initial value X (don't care) for net "mem[24][18]" at instrucMEM.vhd(30)
Warning (10873): Using initial value X (don't care) for net "mem[24][17]" at instrucMEM.vhd(30)
Warning (10873): Using initial value X (don't care) for net "mem[24][16]" at instrucMEM.vhd(30)
Warning (10873): Using initial value X (don't care) for net "mem[24][15]" at instrucMEM.vhd(30)
Warning (10873): Using initial value X (don't care) for net "mem[24][14]" at instrucMEM.vhd(30)
Warning (10873): Using initial value X (don't care) for net "mem[24][13]" at instrucMEM.vhd(30)
Warning (10873): Using initial value X (don't care) for net "mem[24][12]" at instrucMEM.vhd(30)
Warning (10873): Using initial value X (don't care) for net "mem[24][11]" at instrucMEM.vhd(30)
Warning (10873): Using initial value X (don't care) for net "mem[24][10]" at instrucMEM.vhd(30)
Warning (10873): Using initial value X (don't care) for net "mem[24][9]" at instrucMEM.vhd(30)
Warning (10873): Using initial value X (don't care) for net "mem[24][8]" at instrucMEM.vhd(30)
Warning (10873): Using initial value X (don't care) for net "mem[24][7]" at instrucMEM.vhd(30)
Warning (10873): Using initial value X (don't care) for net "mem[24][6]" at instrucMEM.vhd(30)
Warning (10873): Using initial value X (don't care) for net "mem[24][5]" at instrucMEM.vhd(30)
Warning (10873): Using initial value X (don't care) for net "mem[24][4]" at instrucMEM.vhd(30)
Warning (10873): Using initial value X (don't care) for net "mem[24][3]" at instrucMEM.vhd(30)
Warning (10873): Using initial value X (don't care) for net "mem[24][2]" at instrucMEM.vhd(30)
Warning (10873): Using initial value X (don't care) for net "mem[24][1]" at instrucMEM.vhd(30)
Warning (10873): Using initial value X (don't care) for net "mem[24][0]" at instrucMEM.vhd(30)
Warning (10873): Using initial value X (don't care) for net "mem[23][31]" at instrucMEM.vhd(30)
Warning (10873): Using initial value X (don't care) for net "mem[23][30]" at instrucMEM.vhd(30)
Warning (10873): Using initial value X (don't care) for net "mem[23][29]" at instrucMEM.vhd(30)
Warning (10873): Using initial value X (don't care) for net "mem[23][28]" at instrucMEM.vhd(30)
Warning (10873): Using initial value X (don't care) for net "mem[23][27]" at instrucMEM.vhd(30)
Warning (10873): Using initial value X (don't care) for net "mem[23][26]" at instrucMEM.vhd(30)
Warning (10873): Using initial value X (don't care) for net "mem[23][25]" at instrucMEM.vhd(30)
Warning (10873): Using initial value X (don't care) for net "mem[23][24]" at instrucMEM.vhd(30)
Warning (10873): Using initial value X (don't care) for net "mem[23][23]" at instrucMEM.vhd(30)
Warning (10873): Using initial value X (don't care) for net "mem[23][22]" at instrucMEM.vhd(30)
Warning (10873): Using initial value X (don't care) for net "mem[23][21]" at instrucMEM.vhd(30)
Warning (10873): Using initial value X (don't care) for net "mem[23][20]" at instrucMEM.vhd(30)
Warning (10873): Using initial value X (don't care) for net "mem[23][19]" at instrucMEM.vhd(30)
Warning (10873): Using initial value X (don't care) for net "mem[23][18]" at instrucMEM.vhd(30)
Warning (10873): Using initial value X (don't care) for net "mem[23][17]" at instrucMEM.vhd(30)
Warning (10873): Using initial value X (don't care) for net "mem[23][16]" at instrucMEM.vhd(30)
Warning (10873): Using initial value X (don't care) for net "mem[23][15]" at instrucMEM.vhd(30)
Warning (10873): Using initial value X (don't care) for net "mem[23][14]" at instrucMEM.vhd(30)
Warning (10873): Using initial value X (don't care) for net "mem[23][13]" at instrucMEM.vhd(30)
Warning (10873): Using initial value X (don't care) for net "mem[23][12]" at instrucMEM.vhd(30)
Warning (10873): Using initial value X (don't care) for net "mem[23][11]" at instrucMEM.vhd(30)
Warning (10873): Using initial value X (don't care) for net "mem[23][10]" at instrucMEM.vhd(30)
Warning (10873): Using initial value X (don't care) for net "mem[23][9]" at instrucMEM.vhd(30)
Warning (10873): Using initial value X (don't care) for net "mem[23][8]" at instrucMEM.vhd(30)
Warning (10873): Using initial value X (don't care) for net "mem[23][7]" at instrucMEM.vhd(30)
Warning (10873): Using initial value X (don't care) for net "mem[23][6]" at instrucMEM.vhd(30)
Warning (10873): Using initial value X (don't care) for net "mem[23][5]" at instrucMEM.vhd(30)
Warning (10873): Using initial value X (don't care) for net "mem[23][4]" at instrucMEM.vhd(30)
Warning (10873): Using initial value X (don't care) for net "mem[23][3]" at instrucMEM.vhd(30)
Warning (10873): Using initial value X (don't care) for net "mem[23][2]" at instrucMEM.vhd(30)
Warning (10873): Using initial value X (don't care) for net "mem[23][1]" at instrucMEM.vhd(30)
Warning (10873): Using initial value X (don't care) for net "mem[23][0]" at instrucMEM.vhd(30)
Warning (10873): Using initial value X (don't care) for net "mem[22][31]" at instrucMEM.vhd(30)
Warning (10873): Using initial value X (don't care) for net "mem[22][30]" at instrucMEM.vhd(30)
Warning (10873): Using initial value X (don't care) for net "mem[22][29]" at instrucMEM.vhd(30)
Warning (10873): Using initial value X (don't care) for net "mem[22][28]" at instrucMEM.vhd(30)
Warning (10873): Using initial value X (don't care) for net "mem[22][27]" at instrucMEM.vhd(30)
Warning (10873): Using initial value X (don't care) for net "mem[22][26]" at instrucMEM.vhd(30)
Warning (10873): Using initial value X (don't care) for net "mem[22][25]" at instrucMEM.vhd(30)
Warning (10873): Using initial value X (don't care) for net "mem[22][24]" at instrucMEM.vhd(30)
Warning (10873): Using initial value X (don't care) for net "mem[22][23]" at instrucMEM.vhd(30)
Warning (10873): Using initial value X (don't care) for net "mem[22][22]" at instrucMEM.vhd(30)
Warning (10873): Using initial value X (don't care) for net "mem[22][21]" at instrucMEM.vhd(30)
Warning (10873): Using initial value X (don't care) for net "mem[22][20]" at instrucMEM.vhd(30)
Warning (10873): Using initial value X (don't care) for net "mem[22][19]" at instrucMEM.vhd(30)
Warning (10873): Using initial value X (don't care) for net "mem[22][18]" at instrucMEM.vhd(30)
Warning (10873): Using initial value X (don't care) for net "mem[22][17]" at instrucMEM.vhd(30)
Warning (10873): Using initial value X (don't care) for net "mem[22][16]" at instrucMEM.vhd(30)
Warning (10873): Using initial value X (don't care) for net "mem[22][15]" at instrucMEM.vhd(30)
Warning (10873): Using initial value X (don't care) for net "mem[22][14]" at instrucMEM.vhd(30)
Warning (10873): Using initial value X (don't care) for net "mem[22][13]" at instrucMEM.vhd(30)
Warning (10873): Using initial value X (don't care) for net "mem[22][12]" at instrucMEM.vhd(30)
Warning (10873): Using initial value X (don't care) for net "mem[22][11]" at instrucMEM.vhd(30)
Warning (10873): Using initial value X (don't care) for net "mem[22][10]" at instrucMEM.vhd(30)
Warning (10873): Using initial value X (don't care) for net "mem[22][9]" at instrucMEM.vhd(30)
Warning (10873): Using initial value X (don't care) for net "mem[22][8]" at instrucMEM.vhd(30)
Warning (10873): Using initial value X (don't care) for net "mem[22][7]" at instrucMEM.vhd(30)
Warning (10873): Using initial value X (don't care) for net "mem[22][6]" at instrucMEM.vhd(30)
Warning (10873): Using initial value X (don't care) for net "mem[22][5]" at instrucMEM.vhd(30)
Warning (10873): Using initial value X (don't care) for net "mem[22][4]" at instrucMEM.vhd(30)
Warning (10873): Using initial value X (don't care) for net "mem[22][3]" at instrucMEM.vhd(30)
Warning (10873): Using initial value X (don't care) for net "mem[22][2]" at instrucMEM.vhd(30)
Warning (10873): Using initial value X (don't care) for net "mem[22][1]" at instrucMEM.vhd(30)
Warning (10873): Using initial value X (don't care) for net "mem[22][0]" at instrucMEM.vhd(30)
Warning (10873): Using initial value X (don't care) for net "mem[21][31]" at instrucMEM.vhd(30)
Warning (10873): Using initial value X (don't care) for net "mem[21][30]" at instrucMEM.vhd(30)
Warning (10873): Using initial value X (don't care) for net "mem[21][29]" at instrucMEM.vhd(30)
Warning (10873): Using initial value X (don't care) for net "mem[21][28]" at instrucMEM.vhd(30)
Warning (10873): Using initial value X (don't care) for net "mem[21][27]" at instrucMEM.vhd(30)
Warning (10873): Using initial value X (don't care) for net "mem[21][26]" at instrucMEM.vhd(30)
Warning (10873): Using initial value X (don't care) for net "mem[21][25]" at instrucMEM.vhd(30)
Warning (10873): Using initial value X (don't care) for net "mem[21][24]" at instrucMEM.vhd(30)
Warning (10873): Using initial value X (don't care) for net "mem[21][23]" at instrucMEM.vhd(30)
Warning (10873): Using initial value X (don't care) for net "mem[21][22]" at instrucMEM.vhd(30)
Warning (10873): Using initial value X (don't care) for net "mem[21][21]" at instrucMEM.vhd(30)
Warning (10873): Using initial value X (don't care) for net "mem[21][20]" at instrucMEM.vhd(30)
Warning (10873): Using initial value X (don't care) for net "mem[21][19]" at instrucMEM.vhd(30)
Warning (10873): Using initial value X (don't care) for net "mem[21][18]" at instrucMEM.vhd(30)
Warning (10873): Using initial value X (don't care) for net "mem[21][17]" at instrucMEM.vhd(30)
Warning (10873): Using initial value X (don't care) for net "mem[21][16]" at instrucMEM.vhd(30)
Warning (10873): Using initial value X (don't care) for net "mem[21][15]" at instrucMEM.vhd(30)
Warning (10873): Using initial value X (don't care) for net "mem[21][14]" at instrucMEM.vhd(30)
Warning (10873): Using initial value X (don't care) for net "mem[21][13]" at instrucMEM.vhd(30)
Warning (10873): Using initial value X (don't care) for net "mem[21][12]" at instrucMEM.vhd(30)
Warning (10873): Using initial value X (don't care) for net "mem[21][11]" at instrucMEM.vhd(30)
Warning (10873): Using initial value X (don't care) for net "mem[21][10]" at instrucMEM.vhd(30)
Warning (10873): Using initial value X (don't care) for net "mem[21][9]" at instrucMEM.vhd(30)
Warning (10873): Using initial value X (don't care) for net "mem[21][8]" at instrucMEM.vhd(30)
Warning (10873): Using initial value X (don't care) for net "mem[21][7]" at instrucMEM.vhd(30)
Warning (10873): Using initial value X (don't care) for net "mem[21][6]" at instrucMEM.vhd(30)
Warning (10873): Using initial value X (don't care) for net "mem[21][5]" at instrucMEM.vhd(30)
Warning (10873): Using initial value X (don't care) for net "mem[21][4]" at instrucMEM.vhd(30)
Warning (10873): Using initial value X (don't care) for net "mem[21][3]" at instrucMEM.vhd(30)
Warning (10873): Using initial value X (don't care) for net "mem[21][2]" at instrucMEM.vhd(30)
Warning (10873): Using initial value X (don't care) for net "mem[21][1]" at instrucMEM.vhd(30)
Warning (10873): Using initial value X (don't care) for net "mem[21][0]" at instrucMEM.vhd(30)
Warning (10873): Using initial value X (don't care) for net "mem[20][31]" at instrucMEM.vhd(30)
Warning (10873): Using initial value X (don't care) for net "mem[20][30]" at instrucMEM.vhd(30)
Warning (10873): Using initial value X (don't care) for net "mem[20][29]" at instrucMEM.vhd(30)
Warning (10873): Using initial value X (don't care) for net "mem[20][28]" at instrucMEM.vhd(30)
Warning (10873): Using initial value X (don't care) for net "mem[20][27]" at instrucMEM.vhd(30)
Warning (10873): Using initial value X (don't care) for net "mem[20][26]" at instrucMEM.vhd(30)
Warning (10873): Using initial value X (don't care) for net "mem[20][25]" at instrucMEM.vhd(30)
Warning (10873): Using initial value X (don't care) for net "mem[20][24]" at instrucMEM.vhd(30)
Warning (10873): Using initial value X (don't care) for net "mem[20][23]" at instrucMEM.vhd(30)
Warning (10873): Using initial value X (don't care) for net "mem[20][22]" at instrucMEM.vhd(30)
Warning (10873): Using initial value X (don't care) for net "mem[20][21]" at instrucMEM.vhd(30)
Warning (10873): Using initial value X (don't care) for net "mem[20][20]" at instrucMEM.vhd(30)
Warning (10873): Using initial value X (don't care) for net "mem[20][19]" at instrucMEM.vhd(30)
Warning (10873): Using initial value X (don't care) for net "mem[20][18]" at instrucMEM.vhd(30)
Warning (10873): Using initial value X (don't care) for net "mem[20][17]" at instrucMEM.vhd(30)
Warning (10873): Using initial value X (don't care) for net "mem[20][16]" at instrucMEM.vhd(30)
Warning (10873): Using initial value X (don't care) for net "mem[20][15]" at instrucMEM.vhd(30)
Warning (10873): Using initial value X (don't care) for net "mem[20][14]" at instrucMEM.vhd(30)
Warning (10873): Using initial value X (don't care) for net "mem[20][13]" at instrucMEM.vhd(30)
Warning (10873): Using initial value X (don't care) for net "mem[20][12]" at instrucMEM.vhd(30)
Warning (10873): Using initial value X (don't care) for net "mem[20][11]" at instrucMEM.vhd(30)
Warning (10873): Using initial value X (don't care) for net "mem[20][10]" at instrucMEM.vhd(30)
Warning (10873): Using initial value X (don't care) for net "mem[20][9]" at instrucMEM.vhd(30)
Warning (10873): Using initial value X (don't care) for net "mem[20][8]" at instrucMEM.vhd(30)
Warning (10873): Using initial value X (don't care) for net "mem[20][7]" at instrucMEM.vhd(30)
Warning (10873): Using initial value X (don't care) for net "mem[20][6]" at instrucMEM.vhd(30)
Warning (10873): Using initial value X (don't care) for net "mem[20][5]" at instrucMEM.vhd(30)
Warning (10873): Using initial value X (don't care) for net "mem[20][4]" at instrucMEM.vhd(30)
Warning (10873): Using initial value X (don't care) for net "mem[20][3]" at instrucMEM.vhd(30)
Warning (10873): Using initial value X (don't care) for net "mem[20][2]" at instrucMEM.vhd(30)
Warning (10873): Using initial value X (don't care) for net "mem[20][1]" at instrucMEM.vhd(30)
Warning (10873): Using initial value X (don't care) for net "mem[20][0]" at instrucMEM.vhd(30)
Warning (10873): Using initial value X (don't care) for net "mem[19][31]" at instrucMEM.vhd(30)
Warning (10873): Using initial value X (don't care) for net "mem[19][30]" at instrucMEM.vhd(30)
Warning (10873): Using initial value X (don't care) for net "mem[19][29]" at instrucMEM.vhd(30)
Warning (10873): Using initial value X (don't care) for net "mem[19][28]" at instrucMEM.vhd(30)
Warning (10873): Using initial value X (don't care) for net "mem[19][27]" at instrucMEM.vhd(30)
Warning (10873): Using initial value X (don't care) for net "mem[19][26]" at instrucMEM.vhd(30)
Warning (10873): Using initial value X (don't care) for net "mem[19][25]" at instrucMEM.vhd(30)
Warning (10873): Using initial value X (don't care) for net "mem[19][24]" at instrucMEM.vhd(30)
Warning (10873): Using initial value X (don't care) for net "mem[19][23]" at instrucMEM.vhd(30)
Warning (10873): Using initial value X (don't care) for net "mem[19][22]" at instrucMEM.vhd(30)
Warning (10873): Using initial value X (don't care) for net "mem[19][21]" at instrucMEM.vhd(30)
Warning (10873): Using initial value X (don't care) for net "mem[19][20]" at instrucMEM.vhd(30)
Warning (10873): Using initial value X (don't care) for net "mem[19][19]" at instrucMEM.vhd(30)
Warning (10873): Using initial value X (don't care) for net "mem[19][18]" at instrucMEM.vhd(30)
Warning (10873): Using initial value X (don't care) for net "mem[19][17]" at instrucMEM.vhd(30)
Warning (10873): Using initial value X (don't care) for net "mem[19][16]" at instrucMEM.vhd(30)
Warning (10873): Using initial value X (don't care) for net "mem[19][15]" at instrucMEM.vhd(30)
Warning (10873): Using initial value X (don't care) for net "mem[19][14]" at instrucMEM.vhd(30)
Warning (10873): Using initial value X (don't care) for net "mem[19][13]" at instrucMEM.vhd(30)
Warning (10873): Using initial value X (don't care) for net "mem[19][12]" at instrucMEM.vhd(30)
Warning (10873): Using initial value X (don't care) for net "mem[19][11]" at instrucMEM.vhd(30)
Warning (10873): Using initial value X (don't care) for net "mem[19][10]" at instrucMEM.vhd(30)
Warning (10873): Using initial value X (don't care) for net "mem[19][9]" at instrucMEM.vhd(30)
Warning (10873): Using initial value X (don't care) for net "mem[19][8]" at instrucMEM.vhd(30)
Warning (10873): Using initial value X (don't care) for net "mem[19][7]" at instrucMEM.vhd(30)
Warning (10873): Using initial value X (don't care) for net "mem[19][6]" at instrucMEM.vhd(30)
Warning (10873): Using initial value X (don't care) for net "mem[19][5]" at instrucMEM.vhd(30)
Warning (10873): Using initial value X (don't care) for net "mem[19][4]" at instrucMEM.vhd(30)
Warning (10873): Using initial value X (don't care) for net "mem[19][3]" at instrucMEM.vhd(30)
Warning (10873): Using initial value X (don't care) for net "mem[19][2]" at instrucMEM.vhd(30)
Warning (10873): Using initial value X (don't care) for net "mem[19][1]" at instrucMEM.vhd(30)
Warning (10873): Using initial value X (don't care) for net "mem[19][0]" at instrucMEM.vhd(30)
Warning (10873): Using initial value X (don't care) for net "mem[18][31]" at instrucMEM.vhd(30)
Warning (10873): Using initial value X (don't care) for net "mem[18][30]" at instrucMEM.vhd(30)
Warning (10873): Using initial value X (don't care) for net "mem[18][29]" at instrucMEM.vhd(30)
Warning (10873): Using initial value X (don't care) for net "mem[18][28]" at instrucMEM.vhd(30)
Warning (10873): Using initial value X (don't care) for net "mem[18][27]" at instrucMEM.vhd(30)
Warning (10873): Using initial value X (don't care) for net "mem[18][26]" at instrucMEM.vhd(30)
Warning (10873): Using initial value X (don't care) for net "mem[18][25]" at instrucMEM.vhd(30)
Warning (10873): Using initial value X (don't care) for net "mem[18][24]" at instrucMEM.vhd(30)
Warning (10873): Using initial value X (don't care) for net "mem[18][23]" at instrucMEM.vhd(30)
Warning (10873): Using initial value X (don't care) for net "mem[18][22]" at instrucMEM.vhd(30)
Warning (10873): Using initial value X (don't care) for net "mem[18][21]" at instrucMEM.vhd(30)
Warning (10873): Using initial value X (don't care) for net "mem[18][20]" at instrucMEM.vhd(30)
Warning (10873): Using initial value X (don't care) for net "mem[18][19]" at instrucMEM.vhd(30)
Warning (10873): Using initial value X (don't care) for net "mem[18][18]" at instrucMEM.vhd(30)
Warning (10873): Using initial value X (don't care) for net "mem[18][17]" at instrucMEM.vhd(30)
Warning (10873): Using initial value X (don't care) for net "mem[18][16]" at instrucMEM.vhd(30)
Warning (10873): Using initial value X (don't care) for net "mem[18][15]" at instrucMEM.vhd(30)
Warning (10873): Using initial value X (don't care) for net "mem[18][14]" at instrucMEM.vhd(30)
Warning (10873): Using initial value X (don't care) for net "mem[18][13]" at instrucMEM.vhd(30)
Warning (10873): Using initial value X (don't care) for net "mem[18][12]" at instrucMEM.vhd(30)
Warning (10873): Using initial value X (don't care) for net "mem[18][11]" at instrucMEM.vhd(30)
Warning (10873): Using initial value X (don't care) for net "mem[18][10]" at instrucMEM.vhd(30)
Warning (10873): Using initial value X (don't care) for net "mem[18][9]" at instrucMEM.vhd(30)
Warning (10873): Using initial value X (don't care) for net "mem[18][8]" at instrucMEM.vhd(30)
Warning (10873): Using initial value X (don't care) for net "mem[18][7]" at instrucMEM.vhd(30)
Warning (10873): Using initial value X (don't care) for net "mem[18][6]" at instrucMEM.vhd(30)
Warning (10873): Using initial value X (don't care) for net "mem[18][5]" at instrucMEM.vhd(30)
Warning (10873): Using initial value X (don't care) for net "mem[18][4]" at instrucMEM.vhd(30)
Warning (10873): Using initial value X (don't care) for net "mem[18][3]" at instrucMEM.vhd(30)
Warning (10873): Using initial value X (don't care) for net "mem[18][2]" at instrucMEM.vhd(30)
Warning (10873): Using initial value X (don't care) for net "mem[18][1]" at instrucMEM.vhd(30)
Warning (10873): Using initial value X (don't care) for net "mem[18][0]" at instrucMEM.vhd(30)
Warning (10873): Using initial value X (don't care) for net "mem[17][31]" at instrucMEM.vhd(30)
Warning (10873): Using initial value X (don't care) for net "mem[17][30]" at instrucMEM.vhd(30)
Warning (10873): Using initial value X (don't care) for net "mem[17][29]" at instrucMEM.vhd(30)
Warning (10873): Using initial value X (don't care) for net "mem[17][28]" at instrucMEM.vhd(30)
Warning (10873): Using initial value X (don't care) for net "mem[17][27]" at instrucMEM.vhd(30)
Warning (10873): Using initial value X (don't care) for net "mem[17][26]" at instrucMEM.vhd(30)
Warning (10873): Using initial value X (don't care) for net "mem[17][25]" at instrucMEM.vhd(30)
Warning (10873): Using initial value X (don't care) for net "mem[17][24]" at instrucMEM.vhd(30)
Warning (10873): Using initial value X (don't care) for net "mem[17][23]" at instrucMEM.vhd(30)
Warning (10873): Using initial value X (don't care) for net "mem[17][22]" at instrucMEM.vhd(30)
Warning (10873): Using initial value X (don't care) for net "mem[17][21]" at instrucMEM.vhd(30)
Warning (10873): Using initial value X (don't care) for net "mem[17][20]" at instrucMEM.vhd(30)
Warning (10873): Using initial value X (don't care) for net "mem[17][19]" at instrucMEM.vhd(30)
Warning (10873): Using initial value X (don't care) for net "mem[17][18]" at instrucMEM.vhd(30)
Warning (10873): Using initial value X (don't care) for net "mem[17][17]" at instrucMEM.vhd(30)
Warning (10873): Using initial value X (don't care) for net "mem[17][16]" at instrucMEM.vhd(30)
Warning (10873): Using initial value X (don't care) for net "mem[17][15]" at instrucMEM.vhd(30)
Warning (10873): Using initial value X (don't care) for net "mem[17][14]" at instrucMEM.vhd(30)
Warning (10873): Using initial value X (don't care) for net "mem[17][13]" at instrucMEM.vhd(30)
Warning (10873): Using initial value X (don't care) for net "mem[17][12]" at instrucMEM.vhd(30)
Warning (10873): Using initial value X (don't care) for net "mem[17][11]" at instrucMEM.vhd(30)
Warning (10873): Using initial value X (don't care) for net "mem[17][10]" at instrucMEM.vhd(30)
Warning (10873): Using initial value X (don't care) for net "mem[17][9]" at instrucMEM.vhd(30)
Warning (10873): Using initial value X (don't care) for net "mem[17][8]" at instrucMEM.vhd(30)
Warning (10873): Using initial value X (don't care) for net "mem[17][7]" at instrucMEM.vhd(30)
Warning (10873): Using initial value X (don't care) for net "mem[17][6]" at instrucMEM.vhd(30)
Warning (10873): Using initial value X (don't care) for net "mem[17][5]" at instrucMEM.vhd(30)
Warning (10873): Using initial value X (don't care) for net "mem[17][4]" at instrucMEM.vhd(30)
Warning (10873): Using initial value X (don't care) for net "mem[17][3]" at instrucMEM.vhd(30)
Warning (10873): Using initial value X (don't care) for net "mem[17][2]" at instrucMEM.vhd(30)
Warning (10873): Using initial value X (don't care) for net "mem[17][1]" at instrucMEM.vhd(30)
Warning (10873): Using initial value X (don't care) for net "mem[17][0]" at instrucMEM.vhd(30)
Warning (10873): Using initial value X (don't care) for net "mem[16][31]" at instrucMEM.vhd(30)
Warning (10873): Using initial value X (don't care) for net "mem[16][30]" at instrucMEM.vhd(30)
Warning (10873): Using initial value X (don't care) for net "mem[16][29]" at instrucMEM.vhd(30)
Warning (10873): Using initial value X (don't care) for net "mem[16][28]" at instrucMEM.vhd(30)
Warning (10873): Using initial value X (don't care) for net "mem[16][27]" at instrucMEM.vhd(30)
Warning (10873): Using initial value X (don't care) for net "mem[16][26]" at instrucMEM.vhd(30)
Warning (10873): Using initial value X (don't care) for net "mem[16][25]" at instrucMEM.vhd(30)
Warning (10873): Using initial value X (don't care) for net "mem[16][24]" at instrucMEM.vhd(30)
Warning (10873): Using initial value X (don't care) for net "mem[16][23]" at instrucMEM.vhd(30)
Warning (10873): Using initial value X (don't care) for net "mem[16][22]" at instrucMEM.vhd(30)
Warning (10873): Using initial value X (don't care) for net "mem[16][21]" at instrucMEM.vhd(30)
Warning (10873): Using initial value X (don't care) for net "mem[16][20]" at instrucMEM.vhd(30)
Warning (10873): Using initial value X (don't care) for net "mem[16][19]" at instrucMEM.vhd(30)
Warning (10873): Using initial value X (don't care) for net "mem[16][18]" at instrucMEM.vhd(30)
Warning (10873): Using initial value X (don't care) for net "mem[16][17]" at instrucMEM.vhd(30)
Warning (10873): Using initial value X (don't care) for net "mem[16][16]" at instrucMEM.vhd(30)
Warning (10873): Using initial value X (don't care) for net "mem[16][15]" at instrucMEM.vhd(30)
Warning (10873): Using initial value X (don't care) for net "mem[16][14]" at instrucMEM.vhd(30)
Warning (10873): Using initial value X (don't care) for net "mem[16][13]" at instrucMEM.vhd(30)
Warning (10873): Using initial value X (don't care) for net "mem[16][12]" at instrucMEM.vhd(30)
Warning (10873): Using initial value X (don't care) for net "mem[16][11]" at instrucMEM.vhd(30)
Warning (10873): Using initial value X (don't care) for net "mem[16][10]" at instrucMEM.vhd(30)
Warning (10873): Using initial value X (don't care) for net "mem[16][9]" at instrucMEM.vhd(30)
Warning (10873): Using initial value X (don't care) for net "mem[16][8]" at instrucMEM.vhd(30)
Warning (10873): Using initial value X (don't care) for net "mem[16][7]" at instrucMEM.vhd(30)
Warning (10873): Using initial value X (don't care) for net "mem[16][6]" at instrucMEM.vhd(30)
Warning (10873): Using initial value X (don't care) for net "mem[16][5]" at instrucMEM.vhd(30)
Warning (10873): Using initial value X (don't care) for net "mem[16][4]" at instrucMEM.vhd(30)
Warning (10873): Using initial value X (don't care) for net "mem[16][3]" at instrucMEM.vhd(30)
Warning (10873): Using initial value X (don't care) for net "mem[16][2]" at instrucMEM.vhd(30)
Warning (10873): Using initial value X (don't care) for net "mem[16][1]" at instrucMEM.vhd(30)
Warning (10873): Using initial value X (don't care) for net "mem[16][0]" at instrucMEM.vhd(30)
Warning (10873): Using initial value X (don't care) for net "mem[15][31]" at instrucMEM.vhd(30)
Warning (10873): Using initial value X (don't care) for net "mem[15][30]" at instrucMEM.vhd(30)
Warning (10873): Using initial value X (don't care) for net "mem[15][29]" at instrucMEM.vhd(30)
Warning (10873): Using initial value X (don't care) for net "mem[15][28]" at instrucMEM.vhd(30)
Warning (10873): Using initial value X (don't care) for net "mem[15][27]" at instrucMEM.vhd(30)
Warning (10873): Using initial value X (don't care) for net "mem[15][26]" at instrucMEM.vhd(30)
Warning (10873): Using initial value X (don't care) for net "mem[15][25]" at instrucMEM.vhd(30)
Warning (10873): Using initial value X (don't care) for net "mem[15][24]" at instrucMEM.vhd(30)
Warning (10873): Using initial value X (don't care) for net "mem[15][23]" at instrucMEM.vhd(30)
Warning (10873): Using initial value X (don't care) for net "mem[15][22]" at instrucMEM.vhd(30)
Warning (10873): Using initial value X (don't care) for net "mem[15][21]" at instrucMEM.vhd(30)
Warning (10873): Using initial value X (don't care) for net "mem[15][20]" at instrucMEM.vhd(30)
Warning (10873): Using initial value X (don't care) for net "mem[15][19]" at instrucMEM.vhd(30)
Warning (10873): Using initial value X (don't care) for net "mem[15][18]" at instrucMEM.vhd(30)
Warning (10873): Using initial value X (don't care) for net "mem[15][17]" at instrucMEM.vhd(30)
Warning (10873): Using initial value X (don't care) for net "mem[15][16]" at instrucMEM.vhd(30)
Warning (10873): Using initial value X (don't care) for net "mem[15][15]" at instrucMEM.vhd(30)
Warning (10873): Using initial value X (don't care) for net "mem[15][14]" at instrucMEM.vhd(30)
Warning (10873): Using initial value X (don't care) for net "mem[15][13]" at instrucMEM.vhd(30)
Warning (10873): Using initial value X (don't care) for net "mem[15][12]" at instrucMEM.vhd(30)
Warning (10873): Using initial value X (don't care) for net "mem[15][11]" at instrucMEM.vhd(30)
Warning (10873): Using initial value X (don't care) for net "mem[15][10]" at instrucMEM.vhd(30)
Warning (10873): Using initial value X (don't care) for net "mem[15][9]" at instrucMEM.vhd(30)
Warning (10873): Using initial value X (don't care) for net "mem[15][8]" at instrucMEM.vhd(30)
Warning (10873): Using initial value X (don't care) for net "mem[15][7]" at instrucMEM.vhd(30)
Warning (10873): Using initial value X (don't care) for net "mem[15][6]" at instrucMEM.vhd(30)
Warning (10873): Using initial value X (don't care) for net "mem[15][5]" at instrucMEM.vhd(30)
Warning (10873): Using initial value X (don't care) for net "mem[15][4]" at instrucMEM.vhd(30)
Warning (10873): Using initial value X (don't care) for net "mem[15][3]" at instrucMEM.vhd(30)
Warning (10873): Using initial value X (don't care) for net "mem[15][2]" at instrucMEM.vhd(30)
Warning (10873): Using initial value X (don't care) for net "mem[15][1]" at instrucMEM.vhd(30)
Warning (10873): Using initial value X (don't care) for net "mem[15][0]" at instrucMEM.vhd(30)
Warning (10873): Using initial value X (don't care) for net "mem[14][31]" at instrucMEM.vhd(30)
Warning (10873): Using initial value X (don't care) for net "mem[14][30]" at instrucMEM.vhd(30)
Warning (10873): Using initial value X (don't care) for net "mem[14][29]" at instrucMEM.vhd(30)
Warning (10873): Using initial value X (don't care) for net "mem[14][28]" at instrucMEM.vhd(30)
Warning (10873): Using initial value X (don't care) for net "mem[14][27]" at instrucMEM.vhd(30)
Warning (10873): Using initial value X (don't care) for net "mem[14][26]" at instrucMEM.vhd(30)
Warning (10873): Using initial value X (don't care) for net "mem[14][25]" at instrucMEM.vhd(30)
Warning (10873): Using initial value X (don't care) for net "mem[14][24]" at instrucMEM.vhd(30)
Warning (10873): Using initial value X (don't care) for net "mem[14][23]" at instrucMEM.vhd(30)
Warning (10873): Using initial value X (don't care) for net "mem[14][22]" at instrucMEM.vhd(30)
Warning (10873): Using initial value X (don't care) for net "mem[14][21]" at instrucMEM.vhd(30)
Warning (10873): Using initial value X (don't care) for net "mem[14][20]" at instrucMEM.vhd(30)
Warning (10873): Using initial value X (don't care) for net "mem[14][19]" at instrucMEM.vhd(30)
Warning (10873): Using initial value X (don't care) for net "mem[14][18]" at instrucMEM.vhd(30)
Warning (10873): Using initial value X (don't care) for net "mem[14][17]" at instrucMEM.vhd(30)
Warning (10873): Using initial value X (don't care) for net "mem[14][16]" at instrucMEM.vhd(30)
Warning (10873): Using initial value X (don't care) for net "mem[14][15]" at instrucMEM.vhd(30)
Warning (10873): Using initial value X (don't care) for net "mem[14][14]" at instrucMEM.vhd(30)
Warning (10873): Using initial value X (don't care) for net "mem[14][13]" at instrucMEM.vhd(30)
Warning (10873): Using initial value X (don't care) for net "mem[14][12]" at instrucMEM.vhd(30)
Warning (10873): Using initial value X (don't care) for net "mem[14][11]" at instrucMEM.vhd(30)
Warning (10873): Using initial value X (don't care) for net "mem[14][10]" at instrucMEM.vhd(30)
Warning (10873): Using initial value X (don't care) for net "mem[14][9]" at instrucMEM.vhd(30)
Warning (10873): Using initial value X (don't care) for net "mem[14][8]" at instrucMEM.vhd(30)
Warning (10873): Using initial value X (don't care) for net "mem[14][7]" at instrucMEM.vhd(30)
Warning (10873): Using initial value X (don't care) for net "mem[14][6]" at instrucMEM.vhd(30)
Warning (10873): Using initial value X (don't care) for net "mem[14][5]" at instrucMEM.vhd(30)
Warning (10873): Using initial value X (don't care) for net "mem[14][4]" at instrucMEM.vhd(30)
Warning (10873): Using initial value X (don't care) for net "mem[14][3]" at instrucMEM.vhd(30)
Warning (10873): Using initial value X (don't care) for net "mem[14][2]" at instrucMEM.vhd(30)
Warning (10873): Using initial value X (don't care) for net "mem[14][1]" at instrucMEM.vhd(30)
Warning (10873): Using initial value X (don't care) for net "mem[14][0]" at instrucMEM.vhd(30)
Warning (10873): Using initial value X (don't care) for net "mem[13][31]" at instrucMEM.vhd(30)
Warning (10873): Using initial value X (don't care) for net "mem[13][30]" at instrucMEM.vhd(30)
Warning (10873): Using initial value X (don't care) for net "mem[13][29]" at instrucMEM.vhd(30)
Warning (10873): Using initial value X (don't care) for net "mem[13][28]" at instrucMEM.vhd(30)
Warning (10873): Using initial value X (don't care) for net "mem[13][27]" at instrucMEM.vhd(30)
Warning (10873): Using initial value X (don't care) for net "mem[13][26]" at instrucMEM.vhd(30)
Warning (10873): Using initial value X (don't care) for net "mem[13][25]" at instrucMEM.vhd(30)
Warning (10873): Using initial value X (don't care) for net "mem[13][24]" at instrucMEM.vhd(30)
Warning (10873): Using initial value X (don't care) for net "mem[13][23]" at instrucMEM.vhd(30)
Warning (10873): Using initial value X (don't care) for net "mem[13][22]" at instrucMEM.vhd(30)
Warning (10873): Using initial value X (don't care) for net "mem[13][21]" at instrucMEM.vhd(30)
Warning (10873): Using initial value X (don't care) for net "mem[13][20]" at instrucMEM.vhd(30)
Warning (10873): Using initial value X (don't care) for net "mem[13][19]" at instrucMEM.vhd(30)
Warning (10873): Using initial value X (don't care) for net "mem[13][18]" at instrucMEM.vhd(30)
Warning (10873): Using initial value X (don't care) for net "mem[13][17]" at instrucMEM.vhd(30)
Warning (10873): Using initial value X (don't care) for net "mem[13][16]" at instrucMEM.vhd(30)
Warning (10873): Using initial value X (don't care) for net "mem[13][15]" at instrucMEM.vhd(30)
Warning (10873): Using initial value X (don't care) for net "mem[13][14]" at instrucMEM.vhd(30)
Warning (10873): Using initial value X (don't care) for net "mem[13][13]" at instrucMEM.vhd(30)
Warning (10873): Using initial value X (don't care) for net "mem[13][12]" at instrucMEM.vhd(30)
Warning (10873): Using initial value X (don't care) for net "mem[13][11]" at instrucMEM.vhd(30)
Warning (10873): Using initial value X (don't care) for net "mem[13][10]" at instrucMEM.vhd(30)
Warning (10873): Using initial value X (don't care) for net "mem[13][9]" at instrucMEM.vhd(30)
Warning (10873): Using initial value X (don't care) for net "mem[13][8]" at instrucMEM.vhd(30)
Warning (10873): Using initial value X (don't care) for net "mem[13][7]" at instrucMEM.vhd(30)
Warning (10873): Using initial value X (don't care) for net "mem[13][6]" at instrucMEM.vhd(30)
Warning (10873): Using initial value X (don't care) for net "mem[13][5]" at instrucMEM.vhd(30)
Warning (10873): Using initial value X (don't care) for net "mem[13][4]" at instrucMEM.vhd(30)
Warning (10873): Using initial value X (don't care) for net "mem[13][3]" at instrucMEM.vhd(30)
Warning (10873): Using initial value X (don't care) for net "mem[13][2]" at instrucMEM.vhd(30)
Warning (10873): Using initial value X (don't care) for net "mem[13][1]" at instrucMEM.vhd(30)
Warning (10873): Using initial value X (don't care) for net "mem[13][0]" at instrucMEM.vhd(30)
Warning (10873): Using initial value X (don't care) for net "mem[12][31]" at instrucMEM.vhd(30)
Warning (10873): Using initial value X (don't care) for net "mem[12][30]" at instrucMEM.vhd(30)
Warning (10873): Using initial value X (don't care) for net "mem[12][29]" at instrucMEM.vhd(30)
Warning (10873): Using initial value X (don't care) for net "mem[12][28]" at instrucMEM.vhd(30)
Warning (10873): Using initial value X (don't care) for net "mem[12][27]" at instrucMEM.vhd(30)
Warning (10873): Using initial value X (don't care) for net "mem[12][26]" at instrucMEM.vhd(30)
Warning (10873): Using initial value X (don't care) for net "mem[12][25]" at instrucMEM.vhd(30)
Warning (10873): Using initial value X (don't care) for net "mem[12][24]" at instrucMEM.vhd(30)
Warning (10873): Using initial value X (don't care) for net "mem[12][23]" at instrucMEM.vhd(30)
Warning (10873): Using initial value X (don't care) for net "mem[12][22]" at instrucMEM.vhd(30)
Warning (10873): Using initial value X (don't care) for net "mem[12][21]" at instrucMEM.vhd(30)
Warning (10873): Using initial value X (don't care) for net "mem[12][20]" at instrucMEM.vhd(30)
Warning (10873): Using initial value X (don't care) for net "mem[12][19]" at instrucMEM.vhd(30)
Warning (10873): Using initial value X (don't care) for net "mem[12][18]" at instrucMEM.vhd(30)
Warning (10873): Using initial value X (don't care) for net "mem[12][17]" at instrucMEM.vhd(30)
Warning (10873): Using initial value X (don't care) for net "mem[12][16]" at instrucMEM.vhd(30)
Warning (10873): Using initial value X (don't care) for net "mem[12][15]" at instrucMEM.vhd(30)
Warning (10873): Using initial value X (don't care) for net "mem[12][14]" at instrucMEM.vhd(30)
Warning (10873): Using initial value X (don't care) for net "mem[12][13]" at instrucMEM.vhd(30)
Warning (10873): Using initial value X (don't care) for net "mem[12][12]" at instrucMEM.vhd(30)
Warning (10873): Using initial value X (don't care) for net "mem[12][11]" at instrucMEM.vhd(30)
Warning (10873): Using initial value X (don't care) for net "mem[12][10]" at instrucMEM.vhd(30)
Warning (10873): Using initial value X (don't care) for net "mem[12][9]" at instrucMEM.vhd(30)
Warning (10873): Using initial value X (don't care) for net "mem[12][8]" at instrucMEM.vhd(30)
Warning (10873): Using initial value X (don't care) for net "mem[12][7]" at instrucMEM.vhd(30)
Warning (10873): Using initial value X (don't care) for net "mem[12][6]" at instrucMEM.vhd(30)
Warning (10873): Using initial value X (don't care) for net "mem[12][5]" at instrucMEM.vhd(30)
Warning (10873): Using initial value X (don't care) for net "mem[12][4]" at instrucMEM.vhd(30)
Warning (10873): Using initial value X (don't care) for net "mem[12][3]" at instrucMEM.vhd(30)
Warning (10873): Using initial value X (don't care) for net "mem[12][2]" at instrucMEM.vhd(30)
Warning (10873): Using initial value X (don't care) for net "mem[12][1]" at instrucMEM.vhd(30)
Warning (10873): Using initial value X (don't care) for net "mem[12][0]" at instrucMEM.vhd(30)
Warning: Output pins are stuck at VCC or GND
    Warning (13410): Pin "INSTR[19]" is stuck at GND
    Warning (13410): Pin "INSTR[20]" is stuck at GND
    Warning (13410): Pin "INSTR[24]" is stuck at GND
    Warning (13410): Pin "INSTR[25]" is stuck at GND
    Warning (13410): Pin "INSTR[30]" is stuck at GND
Warning: Ignored assignments for entity "instructMEM" -- entity does not exist in design
    Warning: Assignment of entity set_global_assignment -name LL_ROOT_REGION ON -entity instructMEM -section_id "Root Region" is ignored
    Warning: Assignment of entity set_global_assignment -name LL_MEMBER_STATE LOCKED -entity instructMEM -section_id "Root Region" is ignored
Warning: Design contains 28 input pin(s) that do not drive logic
    Warning (15610): No output dependent on input pin "ADDR[5]"
    Warning (15610): No output dependent on input pin "ADDR[6]"
    Warning (15610): No output dependent on input pin "ADDR[7]"
    Warning (15610): No output dependent on input pin "ADDR[8]"
    Warning (15610): No output dependent on input pin "ADDR[9]"
    Warning (15610): No output dependent on input pin "ADDR[10]"
    Warning (15610): No output dependent on input pin "ADDR[11]"
    Warning (15610): No output dependent on input pin "ADDR[12]"
    Warning (15610): No output dependent on input pin "ADDR[13]"
    Warning (15610): No output dependent on input pin "ADDR[14]"
    Warning (15610): No output dependent on input pin "ADDR[15]"
    Warning (15610): No output dependent on input pin "ADDR[16]"
    Warning (15610): No output dependent on input pin "ADDR[17]"
    Warning (15610): No output dependent on input pin "ADDR[18]"
    Warning (15610): No output dependent on input pin "ADDR[19]"
    Warning (15610): No output dependent on input pin "ADDR[20]"
    Warning (15610): No output dependent on input pin "ADDR[21]"
    Warning (15610): No output dependent on input pin "ADDR[22]"
    Warning (15610): No output dependent on input pin "ADDR[23]"
    Warning (15610): No output dependent on input pin "ADDR[24]"
    Warning (15610): No output dependent on input pin "ADDR[25]"
    Warning (15610): No output dependent on input pin "ADDR[26]"
    Warning (15610): No output dependent on input pin "ADDR[27]"
    Warning (15610): No output dependent on input pin "ADDR[28]"
    Warning (15610): No output dependent on input pin "ADDR[29]"
    Warning (15610): No output dependent on input pin "ADDR[30]"
    Warning (15610): No output dependent on input pin "ADDR[31]"
    Warning (15610): No output dependent on input pin "clock"
Info: Implemented 99 device resources after synthesis - the final resource count might be different
    Info: Implemented 34 input pins
    Info: Implemented 32 output pins
    Info: Implemented 33 logic cells
Info: Quartus II Analysis & Synthesis was successful. 0 errors, 678 warnings
    Info: Peak virtual memory: 255 megabytes
    Info: Processing ended: Sat Nov 07 08:37:47 2015
    Info: Elapsed time: 00:00:02
    Info: Total CPU time (on all processors): 00:00:02


